
The following have been reloaded with a version change:
  1) gcc/5.1.0 => gcc/5.2.0

Found 2391181 / 2391181 variants
Writing ERG
2391181
25
Done
Finished generating fasta
Settings:
  Output files: "erg/popcov70.*.ebwt"
  Line rate: 6 (line is 64 bytes)
  Lines per side: 1 (side is 64 bytes)
  Offset rate: 5 (one in 32)
  FTable chars: 10
  Strings: unpacked
  Max bucket size: default
  Max bucket size, sqrt multiplier: default
  Max bucket size, len divisor: 4
  Difference-cover sample period: 1024
  Endianness: little
  Actual local endianness: little
  Sanity checking: disabled
  Assertions: disabled
  Random seed: 0
  Sizeofs: void*:8, int:4, long:8, size_t:8
Input files DNA, FASTA:
  erg/chr9_popcov70.fa
Reading reference sizes
  Time reading reference sizes: 00:00:11
Calculating joined length
Writing header
Reserving space for joined string
Joining reference sequences
  Time to join reference sequences: 00:00:12
bmax according to bmaxDivN setting: 102452738
Using parameters --bmax 76839554 --dcv 1024
  Doing ahead-of-time memory usage test
  Passed!  Constructing with these parameters: --bmax 76839554 --dcv 1024
Constructing suffix-array element generator
Building DifferenceCoverSample
  Building sPrime
  Building sPrimeOrder
  V-Sorting samples
  V-Sorting samples time: 00:00:12
  Allocating rank array
  Ranking v-sort output
  Ranking v-sort output time: 00:00:04
  Invoking Larsson-Sadakane on ranks
  Invoking Larsson-Sadakane on ranks time: 00:00:11
  Sanity-checking and returning
Building samples
Reserving space for 12 sample suffixes
Generating random suffixes
QSorting 12 sample offsets, eliminating duplicates
QSorting sample offsets, eliminating duplicates time: 00:00:00
Multikey QSorting 12 samples
  (Using difference cover)
  Multikey QSorting samples time: 00:00:00
Calculating bucket sizes
Splitting and merging
  Splitting and merging time: 00:00:00
Avg bucket size: 5.85444e+07 (target: 76839553)
Converting suffix-array elements to index image
Allocating ftab, absorbFtab
Entering Ebwt loop
Getting block 1 of 7
  Reserving size (76839554) for bucket 1
  Calculating Z arrays for bucket 1
  Entering block accumulator loop for bucket 1:
  bucket 1: 10%
  bucket 1: 20%
  bucket 1: 30%
  bucket 1: 40%
  bucket 1: 50%
  bucket 1: 60%
  bucket 1: 70%
  bucket 1: 80%
  bucket 1: 90%
  bucket 1: 100%
  Sorting block of length 57349547 for bucket 1
  (Using difference cover)
  Sorting block time: 00:01:06
Returning block of 57349548 for bucket 1
Getting block 2 of 7
  Reserving size (76839554) for bucket 2
  Calculating Z arrays for bucket 2
  Entering block accumulator loop for bucket 2:
  bucket 2: 10%
  bucket 2: 20%
  bucket 2: 30%
  bucket 2: 40%
  bucket 2: 50%
  bucket 2: 60%
  bucket 2: 70%
  bucket 2: 80%
  bucket 2: 90%
  bucket 2: 100%
  Sorting block of length 45465139 for bucket 2
  (Using difference cover)
  Sorting block time: 00:00:49
Returning block of 45465140 for bucket 2
Getting block 3 of 7
  Reserving size (76839554) for bucket 3
  Calculating Z arrays for bucket 3
  Entering block accumulator loop for bucket 3:
  bucket 3: 10%
  bucket 3: 20%
  bucket 3: 30%
  bucket 3: 40%
  bucket 3: 50%
  bucket 3: 60%
  bucket 3: 70%
  bucket 3: 80%
  bucket 3: 90%
  bucket 3: 100%
  Sorting block of length 49413541 for bucket 3
  (Using difference cover)
  Sorting block time: 00:00:55
Returning block of 49413542 for bucket 3
Getting block 4 of 7
  Reserving size (76839554) for bucket 4
  Calculating Z arrays for bucket 4
  Entering block accumulator loop for bucket 4:
  bucket 4: 10%
  bucket 4: 20%
  bucket 4: 30%
  bucket 4: 40%
  bucket 4: 50%
  bucket 4: 60%
  bucket 4: 70%
  bucket 4: 80%
  bucket 4: 90%
  bucket 4: 100%
  Sorting block of length 74336447 for bucket 4
  (Using difference cover)
  Sorting block time: 00:01:22
Returning block of 74336448 for bucket 4
Getting block 5 of 7
  Reserving size (76839554) for bucket 5
  Calculating Z arrays for bucket 5
  Entering block accumulator loop for bucket 5:
  bucket 5: 10%
  bucket 5: 20%
  bucket 5: 30%
  bucket 5: 40%
  bucket 5: 50%
  bucket 5: 60%
  bucket 5: 70%
  bucket 5: 80%
  bucket 5: 90%
  bucket 5: 100%
  Sorting block of length 63774328 for bucket 5
  (Using difference cover)
  Sorting block time: 00:01:10
Returning block of 63774329 for bucket 5
Getting block 6 of 7
  Reserving size (76839554) for bucket 6
  Calculating Z arrays for bucket 6
  Entering block accumulator loop for bucket 6:
  bucket 6: 10%
  bucket 6: 20%
  bucket 6: 30%
  bucket 6: 40%
  bucket 6: 50%
  bucket 6: 60%
  bucket 6: 70%
  bucket 6: 80%
  bucket 6: 90%
  bucket 6: 100%
  Sorting block of length 55211508 for bucket 6
  (Using difference cover)
  Sorting block time: 00:01:04
Returning block of 55211509 for bucket 6
Getting block 7 of 7
  Reserving size (76839554) for bucket 7
  Calculating Z arrays for bucket 7
  Entering block accumulator loop for bucket 7:
  bucket 7: 10%
  bucket 7: 20%
  bucket 7: 30%
  bucket 7: 40%
  bucket 7: 50%
  bucket 7: 60%
  bucket 7: 70%
  bucket 7: 80%
  bucket 7: 90%
  bucket 7: 100%
  Sorting block of length 64260437 for bucket 7
  (Using difference cover)
  Sorting block time: 00:01:18
Returning block of 64260438 for bucket 7
Exited Ebwt loop
fchr[A]: 0
fchr[C]: 117294410
fchr[G]: 204831937
fchr[T]: 301568608
fchr[$]: 409810953
Exiting Ebwt::buildToDisk()
Returning from initFromVector
Wrote 366986133 bytes to primary EBWT file: erg/popcov70.1.ebwt
Wrote 51226376 bytes to secondary EBWT file: erg/popcov70.2.ebwt
Re-opening _in1 and _in2 as input streams
Returning from Ebwt constructor
Headers:
    len: 409810953
    bwtLen: 409810954
    sz: 102452739
    bwtSz: 102452739
    lineRate: 6
    linesPerSide: 1
    offRate: 5
    offMask: 0xffffffe0
    isaRate: -1
    isaMask: 0xffffffff
    ftabChars: 10
    eftabLen: 20
    eftabSz: 80
    ftabLen: 1048577
    ftabSz: 4194308
    offsLen: 12806593
    offsSz: 51226372
    isaLen: 0
    isaSz: 0
    lineSz: 64
    sideSz: 64
    sideBwtSz: 56
    sideBwtLen: 224
    numSidePairs: 914757
    numSides: 1829514
    numLines: 1829514
    ebwtTotLen: 117088896
    ebwtTotSz: 117088896
    reverse: 0
Total time for call to driver() for forward index: 00:18:18
Reading reference sizes
  Time reading reference sizes: 00:00:08
Calculating joined length
Writing header
Reserving space for joined string
Joining reference sequences
  Time to join reference sequences: 00:00:12
bmax according to bmaxDivN setting: 102452738
Using parameters --bmax 76839554 --dcv 1024
  Doing ahead-of-time memory usage test
  Passed!  Constructing with these parameters: --bmax 76839554 --dcv 1024
Constructing suffix-array element generator
Building DifferenceCoverSample
  Building sPrime
  Building sPrimeOrder
  V-Sorting samples
  V-Sorting samples time: 00:00:27
  Allocating rank array
  Ranking v-sort output
  Ranking v-sort output time: 00:00:07
  Invoking Larsson-Sadakane on ranks
  Invoking Larsson-Sadakane on ranks time: 00:00:11
  Sanity-checking and returning
Building samples
Reserving space for 12 sample suffixes
Generating random suffixes
QSorting 12 sample offsets, eliminating duplicates
QSorting sample offsets, eliminating duplicates time: 00:00:00
Multikey QSorting 12 samples
  (Using difference cover)
  Multikey QSorting samples time: 00:00:00
Calculating bucket sizes
Splitting and merging
  Splitting and merging time: 00:00:00
Split 1, merged 5; iterating...
Splitting and merging
  Splitting and merging time: 00:00:00
Avg bucket size: 5.12264e+07 (target: 76839553)
Converting suffix-array elements to index image
Allocating ftab, absorbFtab
Entering Ebwt loop
Getting block 1 of 8
  Reserving size (76839554) for bucket 1
  Calculating Z arrays for bucket 1
  Entering block accumulator loop for bucket 1:
  bucket 1: 10%
  bucket 1: 20%
  bucket 1: 30%
  bucket 1: 40%
  bucket 1: 50%
  bucket 1: 60%
  bucket 1: 70%
  bucket 1: 80%
  bucket 1: 90%
  bucket 1: 100%
  Sorting block of length 44953013 for bucket 1
  (Using difference cover)
  Sorting block time: 00:00:53
Returning block of 44953014 for bucket 1
Getting block 2 of 8
  Reserving size (76839554) for bucket 2
  Calculating Z arrays for bucket 2
  Entering block accumulator loop for bucket 2:
  bucket 2: 10%
  bucket 2: 20%
  bucket 2: 30%
  bucket 2: 40%
  bucket 2: 50%
  bucket 2: 60%
  bucket 2: 70%
  bucket 2: 80%
  bucket 2: 90%
  bucket 2: 100%
  Sorting block of length 56046113 for bucket 2
  (Using difference cover)
  Sorting block time: 00:01:04
Returning block of 56046114 for bucket 2
Getting block 3 of 8
  Reserving size (76839554) for bucket 3
  Calculating Z arrays for bucket 3
  Entering block accumulator loop for bucket 3:
  bucket 3: 10%
  bucket 3: 20%
  bucket 3: 30%
  bucket 3: 40%
  bucket 3: 50%
  bucket 3: 60%
  bucket 3: 70%
  bucket 3: 80%
  bucket 3: 90%
  bucket 3: 100%
  Sorting block of length 33221730 for bucket 3
  (Using difference cover)
  Sorting block time: 00:00:37
Returning block of 33221731 for bucket 3
Getting block 4 of 8
  Reserving size (76839554) for bucket 4
  Calculating Z arrays for bucket 4
  Entering block accumulator loop for bucket 4:
  bucket 4: 10%
  bucket 4: 20%
  bucket 4: 30%
  bucket 4: 40%
  bucket 4: 50%
  bucket 4: 60%
  bucket 4: 70%
  bucket 4: 80%
  bucket 4: 90%
  bucket 4: 100%
  Sorting block of length 64057485 for bucket 4
  (Using difference cover)
  Sorting block time: 00:01:15
Returning block of 64057486 for bucket 4
Getting block 5 of 8
  Reserving size (76839554) for bucket 5
  Calculating Z arrays for bucket 5
  Entering block accumulator loop for bucket 5:
  bucket 5: 10%
  bucket 5: 20%
  bucket 5: 30%
  bucket 5: 40%
  bucket 5: 50%
  bucket 5: 60%
  bucket 5: 70%
  bucket 5: 80%
  bucket 5: 90%
  bucket 5: 100%
  Sorting block of length 43033043 for bucket 5
  (Using difference cover)
  Sorting block time: 00:00:47
Returning block of 43033044 for bucket 5
Getting block 6 of 8
  Reserving size (76839554) for bucket 6
  Calculating Z arrays for bucket 6
  Entering block accumulator loop for bucket 6:
  bucket 6: 10%
  bucket 6: 20%
  bucket 6: 30%
  bucket 6: 40%
  bucket 6: 50%
  bucket 6: 60%
  bucket 6: 70%
  bucket 6: 80%
  bucket 6: 90%
  bucket 6: 100%
  Sorting block of length 69095745 for bucket 6
  (Using difference cover)
  Sorting block time: 00:01:16
Returning block of 69095746 for bucket 6
Getting block 7 of 8
  Reserving size (76839554) for bucket 7
  Calculating Z arrays for bucket 7
  Entering block accumulator loop for bucket 7:
  bucket 7: 10%
  bucket 7: 20%
  bucket 7: 30%
  bucket 7: 40%
  bucket 7: 50%
  bucket 7: 60%
  bucket 7: 70%
  bucket 7: 80%
  bucket 7: 90%
  bucket 7: 100%
  Sorting block of length 67248131 for bucket 7
  (Using difference cover)
  Sorting block time: 00:01:20
Returning block of 67248132 for bucket 7
Getting block 8 of 8
  Reserving size (76839554) for bucket 8
  Calculating Z arrays for bucket 8
  Entering block accumulator loop for bucket 8:
  bucket 8: 10%
  bucket 8: 20%
  bucket 8: 30%
  bucket 8: 40%
  bucket 8: 50%
  bucket 8: 60%
  bucket 8: 70%
  bucket 8: 80%
  bucket 8: 90%
  bucket 8: 100%
  Sorting block of length 32155686 for bucket 8
  (Using difference cover)
  Sorting block time: 00:00:38
Returning block of 32155687 for bucket 8
Exited Ebwt loop
fchr[A]: 0
fchr[C]: 117294410
fchr[G]: 204831937
fchr[T]: 301568608
fchr[$]: 409810953
Exiting Ebwt::buildToDisk()
Returning from initFromVector
Wrote 366986133 bytes to primary EBWT file: erg/popcov70.rev.1.ebwt
Wrote 51226376 bytes to secondary EBWT file: erg/popcov70.rev.2.ebwt
Re-opening _in1 and _in2 as input streams
Returning from Ebwt constructor
Headers:
    len: 409810953
    bwtLen: 409810954
    sz: 102452739
    bwtSz: 102452739
    lineRate: 6
    linesPerSide: 1
    offRate: 5
    offMask: 0xffffffe0
    isaRate: -1
    isaMask: 0xffffffff
    ftabChars: 10
    eftabLen: 20
    eftabSz: 80
    ftabLen: 1048577
    ftabSz: 4194308
    offsLen: 12806593
    offsSz: 51226372
    isaLen: 0
    isaSz: 0
    lineSz: 64
    sideSz: 64
    sideBwtSz: 56
    sideBwtLen: 224
    numSidePairs: 914757
    numSides: 1829514
    numLines: 1829514
    ebwtTotLen: 117088896
    ebwtTotSz: 117088896
    reverse: 0
Total time for backward call to driver() for mirror index: 00:19:07
Maximum memory: 1313.2 MB
