
The following have been reloaded with a version change:
  1) gcc/5.1.0 => gcc/5.2.0

Found 3074376 / 3074376 variants
Writing ERG
3074376
25
Done
Finished generating fasta
Settings:
  Output files: "erg/popcov90.*.ebwt"
  Line rate: 6 (line is 64 bytes)
  Lines per side: 1 (side is 64 bytes)
  Offset rate: 5 (one in 32)
  FTable chars: 10
  Strings: unpacked
  Max bucket size: default
  Max bucket size, sqrt multiplier: default
  Max bucket size, len divisor: 4
  Difference-cover sample period: 1024
  Endianness: little
  Actual local endianness: little
  Sanity checking: disabled
  Assertions: disabled
  Random seed: 0
  Sizeofs: void*:8, int:4, long:8, size_t:8
Input files DNA, FASTA:
  erg/chr9_popcov90.fa
Reading reference sizes
  Time reading reference sizes: 00:00:06
Calculating joined length
Writing header
Reserving space for joined string
Joining reference sequences
  Time to join reference sequences: 00:00:07
bmax according to bmaxDivN setting: 123453447
Using parameters --bmax 92590086 --dcv 1024
  Doing ahead-of-time memory usage test
  Passed!  Constructing with these parameters: --bmax 92590086 --dcv 1024
Constructing suffix-array element generator
Building DifferenceCoverSample
  Building sPrime
  Building sPrimeOrder
  V-Sorting samples
  V-Sorting samples time: 00:00:14
  Allocating rank array
  Ranking v-sort output
  Ranking v-sort output time: 00:00:04
  Invoking Larsson-Sadakane on ranks
  Invoking Larsson-Sadakane on ranks time: 00:00:05
  Sanity-checking and returning
Building samples
Reserving space for 12 sample suffixes
Generating random suffixes
QSorting 12 sample offsets, eliminating duplicates
QSorting sample offsets, eliminating duplicates time: 00:00:00
Multikey QSorting 12 samples
  (Using difference cover)
  Multikey QSorting samples time: 00:00:00
Calculating bucket sizes
Splitting and merging
  Splitting and merging time: 00:00:00
Split 1, merged 6; iterating...
Splitting and merging
  Splitting and merging time: 00:00:00
Avg bucket size: 6.17267e+07 (target: 92590085)
Converting suffix-array elements to index image
Allocating ftab, absorbFtab
Entering Ebwt loop
Getting block 1 of 8
  Reserving size (92590086) for bucket 1
  Calculating Z arrays for bucket 1
  Entering block accumulator loop for bucket 1:
  bucket 1: 10%
  bucket 1: 20%
  bucket 1: 30%
  bucket 1: 40%
  bucket 1: 50%
  bucket 1: 60%
  bucket 1: 70%
  bucket 1: 80%
  bucket 1: 90%
  bucket 1: 100%
  Sorting block of length 90853841 for bucket 1
  (Using difference cover)
  Sorting block time: 00:00:43
Returning block of 90853842 for bucket 1
Getting block 2 of 8
  Reserving size (92590086) for bucket 2
  Calculating Z arrays for bucket 2
  Entering block accumulator loop for bucket 2:
  bucket 2: 10%
  bucket 2: 20%
  bucket 2: 30%
  bucket 2: 40%
  bucket 2: 50%
  bucket 2: 60%
  bucket 2: 70%
  bucket 2: 80%
  bucket 2: 90%
  bucket 2: 100%
  Sorting block of length 50277084 for bucket 2
  (Using difference cover)
  Sorting block time: 00:00:23
Returning block of 50277085 for bucket 2
Getting block 3 of 8
  Reserving size (92590086) for bucket 3
  Calculating Z arrays for bucket 3
  Entering block accumulator loop for bucket 3:
  bucket 3: 10%
  bucket 3: 20%
  bucket 3: 30%
  bucket 3: 40%
  bucket 3: 50%
  bucket 3: 60%
  bucket 3: 70%
  bucket 3: 80%
  bucket 3: 90%
  bucket 3: 100%
  Sorting block of length 69691508 for bucket 3
  (Using difference cover)
  Sorting block time: 00:00:32
Returning block of 69691509 for bucket 3
Getting block 4 of 8
  Reserving size (92590086) for bucket 4
  Calculating Z arrays for bucket 4
  Entering block accumulator loop for bucket 4:
  bucket 4: 10%
  bucket 4: 20%
  bucket 4: 30%
  bucket 4: 40%
  bucket 4: 50%
  bucket 4: 60%
  bucket 4: 70%
  bucket 4: 80%
  bucket 4: 90%
  bucket 4: 100%
  Sorting block of length 82110145 for bucket 4
  (Using difference cover)
  Sorting block time: 00:00:38
Returning block of 82110146 for bucket 4
Getting block 5 of 8
  Reserving size (92590086) for bucket 5
  Calculating Z arrays for bucket 5
  Entering block accumulator loop for bucket 5:
  bucket 5: 10%
  bucket 5: 20%
  bucket 5: 30%
  bucket 5: 40%
  bucket 5: 50%
  bucket 5: 60%
  bucket 5: 70%
  bucket 5: 80%
  bucket 5: 90%
  bucket 5: 100%
  Sorting block of length 23097875 for bucket 5
  (Using difference cover)
  Sorting block time: 00:00:10
Returning block of 23097876 for bucket 5
Getting block 6 of 8
  Reserving size (92590086) for bucket 6
  Calculating Z arrays for bucket 6
  Entering block accumulator loop for bucket 6:
  bucket 6: 10%
  bucket 6: 20%
  bucket 6: 30%
  bucket 6: 40%
  bucket 6: 50%
  bucket 6: 60%
  bucket 6: 70%
  bucket 6: 80%
  bucket 6: 90%
  bucket 6: 100%
  Sorting block of length 77803090 for bucket 6
  (Using difference cover)
  Sorting block time: 00:00:36
Returning block of 77803091 for bucket 6
Getting block 7 of 8
  Reserving size (92590086) for bucket 7
  Calculating Z arrays for bucket 7
  Entering block accumulator loop for bucket 7:
  bucket 7: 10%
  bucket 7: 20%
  bucket 7: 30%
  bucket 7: 40%
  bucket 7: 50%
  bucket 7: 60%
  bucket 7: 70%
  bucket 7: 80%
  bucket 7: 90%
  bucket 7: 100%
  Sorting block of length 82735922 for bucket 7
  (Using difference cover)
  Sorting block time: 00:00:40
Returning block of 82735923 for bucket 7
Getting block 8 of 8
  Reserving size (92590086) for bucket 8
  Calculating Z arrays for bucket 8
  Entering block accumulator loop for bucket 8:
  bucket 8: 10%
  bucket 8: 20%
  bucket 8: 30%
  bucket 8: 40%
  bucket 8: 50%
  bucket 8: 60%
  bucket 8: 70%
  bucket 8: 80%
  bucket 8: 90%
  bucket 8: 100%
  Sorting block of length 17244318 for bucket 8
  (Using difference cover)
  Sorting block time: 00:00:08
Returning block of 17244319 for bucket 8
Exited Ebwt loop
fchr[A]: 0
fchr[C]: 141280332
fchr[G]: 246814638
fchr[T]: 361578154
fchr[$]: 493813790
Exiting Ebwt::buildToDisk()
Returning from initFromVector
Wrote 456817720 bytes to primary EBWT file: erg/popcov90.1.ebwt
Wrote 61726728 bytes to secondary EBWT file: erg/popcov90.2.ebwt
Re-opening _in1 and _in2 as input streams
Returning from Ebwt constructor
Headers:
    len: 493813790
    bwtLen: 493813791
    sz: 123453448
    bwtSz: 123453448
    lineRate: 6
    linesPerSide: 1
    offRate: 5
    offMask: 0xffffffe0
    isaRate: -1
    isaMask: 0xffffffff
    ftabChars: 10
    eftabLen: 20
    eftabSz: 80
    ftabLen: 1048577
    ftabSz: 4194308
    offsLen: 15431681
    offsSz: 61726724
    isaLen: 0
    isaSz: 0
    lineSz: 64
    sideSz: 64
    sideBwtSz: 56
    sideBwtLen: 224
    numSidePairs: 1102263
    numSides: 2204526
    numLines: 2204526
    ebwtTotLen: 141089664
    ebwtTotSz: 141089664
    reverse: 0
Total time for call to driver() for forward index: 00:09:56
Reading reference sizes
  Time reading reference sizes: 00:00:05
Calculating joined length
Writing header
Reserving space for joined string
Joining reference sequences
  Time to join reference sequences: 00:00:07
bmax according to bmaxDivN setting: 123453447
Using parameters --bmax 92590086 --dcv 1024
  Doing ahead-of-time memory usage test
  Passed!  Constructing with these parameters: --bmax 92590086 --dcv 1024
Constructing suffix-array element generator
Building DifferenceCoverSample
  Building sPrime
  Building sPrimeOrder
  V-Sorting samples
  V-Sorting samples time: 00:00:14
  Allocating rank array
  Ranking v-sort output
  Ranking v-sort output time: 00:00:04
  Invoking Larsson-Sadakane on ranks
  Invoking Larsson-Sadakane on ranks time: 00:00:05
  Sanity-checking and returning
Building samples
Reserving space for 12 sample suffixes
Generating random suffixes
QSorting 12 sample offsets, eliminating duplicates
QSorting sample offsets, eliminating duplicates time: 00:00:00
Multikey QSorting 12 samples
  (Using difference cover)
  Multikey QSorting samples time: 00:00:00
Calculating bucket sizes
Splitting and merging
  Splitting and merging time: 00:00:00
Split 2, merged 6; iterating...
Splitting and merging
  Splitting and merging time: 00:00:00
Avg bucket size: 6.17267e+07 (target: 92590085)
Converting suffix-array elements to index image
Allocating ftab, absorbFtab
Entering Ebwt loop
Getting block 1 of 8
  Reserving size (92590086) for bucket 1
  Calculating Z arrays for bucket 1
  Entering block accumulator loop for bucket 1:
  bucket 1: 10%
  bucket 1: 20%
  bucket 1: 30%
  bucket 1: 40%
  bucket 1: 50%
  bucket 1: 60%
  bucket 1: 70%
  bucket 1: 80%
  bucket 1: 90%
  bucket 1: 100%
  Sorting block of length 50698016 for bucket 1
  (Using difference cover)
  Sorting block time: 00:00:24
Returning block of 50698017 for bucket 1
Getting block 2 of 8
  Reserving size (92590086) for bucket 2
  Calculating Z arrays for bucket 2
  Entering block accumulator loop for bucket 2:
  bucket 2: 10%
  bucket 2: 20%
  bucket 2: 30%
  bucket 2: 40%
  bucket 2: 50%
  bucket 2: 60%
  bucket 2: 70%
  bucket 2: 80%
  bucket 2: 90%
  bucket 2: 100%
  Sorting block of length 48534085 for bucket 2
  (Using difference cover)
  Sorting block time: 00:00:22
Returning block of 48534086 for bucket 2
Getting block 3 of 8
  Reserving size (92590086) for bucket 3
  Calculating Z arrays for bucket 3
  Entering block accumulator loop for bucket 3:
  bucket 3: 10%
  bucket 3: 20%
  bucket 3: 30%
  bucket 3: 40%
  bucket 3: 50%
  bucket 3: 60%
  bucket 3: 70%
  bucket 3: 80%
  bucket 3: 90%
  bucket 3: 100%
  Sorting block of length 79513244 for bucket 3
  (Using difference cover)
  Sorting block time: 00:00:39
Returning block of 79513245 for bucket 3
Getting block 4 of 8
  Reserving size (92590086) for bucket 4
  Calculating Z arrays for bucket 4
  Entering block accumulator loop for bucket 4:
  bucket 4: 10%
  bucket 4: 20%
  bucket 4: 30%
  bucket 4: 40%
  bucket 4: 50%
  bucket 4: 60%
  bucket 4: 70%
  bucket 4: 80%
  bucket 4: 90%
  bucket 4: 100%
  Sorting block of length 55001702 for bucket 4
  (Using difference cover)
  Sorting block time: 00:00:26
Returning block of 55001703 for bucket 4
Getting block 5 of 8
  Reserving size (92590086) for bucket 5
  Calculating Z arrays for bucket 5
  Entering block accumulator loop for bucket 5:
  bucket 5: 10%
  bucket 5: 20%
  bucket 5: 30%
  bucket 5: 40%
  bucket 5: 50%
  bucket 5: 60%
  bucket 5: 70%
  bucket 5: 80%
  bucket 5: 90%
  bucket 5: 100%
  Sorting block of length 71800504 for bucket 5
  (Using difference cover)
  Sorting block time: 00:00:33
Returning block of 71800505 for bucket 5
Getting block 6 of 8
  Reserving size (92590086) for bucket 6
  Calculating Z arrays for bucket 6
  Entering block accumulator loop for bucket 6:
  bucket 6: 10%
  bucket 6: 20%
  bucket 6: 30%
  bucket 6: 40%
  bucket 6: 50%
  bucket 6: 60%
  bucket 6: 70%
  bucket 6: 80%
  bucket 6: 90%
  bucket 6: 100%
  Sorting block of length 56030597 for bucket 6
  (Using difference cover)
  Sorting block time: 00:00:27
Returning block of 56030598 for bucket 6
Getting block 7 of 8
  Reserving size (92590086) for bucket 7
  Calculating Z arrays for bucket 7
  Entering block accumulator loop for bucket 7:
  bucket 7: 10%
  bucket 7: 20%
  bucket 7: 30%
  bucket 7: 40%
  bucket 7: 50%
  bucket 7: 60%
  bucket 7: 70%
  bucket 7: 80%
  bucket 7: 90%
  bucket 7: 100%
  Sorting block of length 88517925 for bucket 7
  (Using difference cover)
  Sorting block time: 00:00:45
Returning block of 88517926 for bucket 7
Getting block 8 of 8
  Reserving size (92590086) for bucket 8
  Calculating Z arrays for bucket 8
  Entering block accumulator loop for bucket 8:
  bucket 8: 10%
  bucket 8: 20%
  bucket 8: 30%
  bucket 8: 40%
  bucket 8: 50%
  bucket 8: 60%
  bucket 8: 70%
  bucket 8: 80%
  bucket 8: 90%
  bucket 8: 100%
  Sorting block of length 43717710 for bucket 8
  (Using difference cover)
  Sorting block time: 00:00:21
Returning block of 43717711 for bucket 8
Exited Ebwt loop
fchr[A]: 0
fchr[C]: 141280332
fchr[G]: 246814638
fchr[T]: 361578154
fchr[$]: 493813790
Exiting Ebwt::buildToDisk()
Returning from initFromVector
Wrote 456817720 bytes to primary EBWT file: erg/popcov90.rev.1.ebwt
Wrote 61726728 bytes to secondary EBWT file: erg/popcov90.rev.2.ebwt
Re-opening _in1 and _in2 as input streams
Returning from Ebwt constructor
Headers:
    len: 493813790
    bwtLen: 493813791
    sz: 123453448
    bwtSz: 123453448
    lineRate: 6
    linesPerSide: 1
    offRate: 5
    offMask: 0xffffffe0
    isaRate: -1
    isaMask: 0xffffffff
    ftabChars: 10
    eftabLen: 20
    eftabSz: 80
    ftabLen: 1048577
    ftabSz: 4194308
    offsLen: 15431681
    offsSz: 61726724
    isaLen: 0
    isaSz: 0
    lineSz: 64
    sideSz: 64
    sideBwtSz: 56
    sideBwtLen: 224
    numSidePairs: 1102263
    numSides: 2204526
    numLines: 2204526
    ebwtTotLen: 141089664
    ebwtTotSz: 141089664
    reverse: 0
Total time for backward call to driver() for mirror index: 00:10:08
Maximum memory: 1542.5 MB
