
The following have been reloaded with a version change:
  1) gcc/5.1.0 => gcc/5.2.0

Found 1707987 / 1707987 variants
Writing ERG
1707987
25
Done
Finished generating fasta
Settings:
  Output files: "erg/popcov50.*.ebwt"
  Line rate: 6 (line is 64 bytes)
  Lines per side: 1 (side is 64 bytes)
  Offset rate: 5 (one in 32)
  FTable chars: 10
  Strings: unpacked
  Max bucket size: default
  Max bucket size, sqrt multiplier: default
  Max bucket size, len divisor: 4
  Difference-cover sample period: 1024
  Endianness: little
  Actual local endianness: little
  Sanity checking: disabled
  Assertions: disabled
  Random seed: 0
  Sizeofs: void*:8, int:4, long:8, size_t:8
Input files DNA, FASTA:
  erg/chr9_popcov50.fa
Reading reference sizes
  Time reading reference sizes: 00:00:06
Calculating joined length
Writing header
Reserving space for joined string
Joining reference sequences
  Time to join reference sequences: 00:00:06
bmax according to bmaxDivN setting: 65701830
Using parameters --bmax 49276373 --dcv 1024
  Doing ahead-of-time memory usage test
  Passed!  Constructing with these parameters: --bmax 49276373 --dcv 1024
Constructing suffix-array element generator
Building DifferenceCoverSample
  Building sPrime
  Building sPrimeOrder
  V-Sorting samples
  V-Sorting samples time: 00:00:17
  Allocating rank array
  Ranking v-sort output
  Ranking v-sort output time: 00:00:05
  Invoking Larsson-Sadakane on ranks
  Invoking Larsson-Sadakane on ranks time: 00:00:06
  Sanity-checking and returning
Building samples
Reserving space for 12 sample suffixes
Generating random suffixes
QSorting 12 sample offsets, eliminating duplicates
QSorting sample offsets, eliminating duplicates time: 00:00:00
Multikey QSorting 12 samples
  (Using difference cover)
  Multikey QSorting samples time: 00:00:00
Calculating bucket sizes
Splitting and merging
  Splitting and merging time: 00:00:00
Avg bucket size: 3.75439e+07 (target: 49276372)
Converting suffix-array elements to index image
Allocating ftab, absorbFtab
Entering Ebwt loop
Getting block 1 of 7
  Reserving size (49276373) for bucket 1
  Calculating Z arrays for bucket 1
  Entering block accumulator loop for bucket 1:
  bucket 1: 10%
  bucket 1: 20%
  bucket 1: 30%
  bucket 1: 40%
  bucket 1: 50%
  bucket 1: 60%
  bucket 1: 70%
  bucket 1: 80%
  bucket 1: 90%
  bucket 1: 100%
  Sorting block of length 49049327 for bucket 1
  (Using difference cover)
  Sorting block time: 00:00:37
Returning block of 49049328 for bucket 1
Getting block 2 of 7
  Reserving size (49276373) for bucket 2
  Calculating Z arrays for bucket 2
  Entering block accumulator loop for bucket 2:
  bucket 2: 10%
  bucket 2: 20%
  bucket 2: 30%
  bucket 2: 40%
  bucket 2: 50%
  bucket 2: 60%
  bucket 2: 70%
  bucket 2: 80%
  bucket 2: 90%
  bucket 2: 100%
  Sorting block of length 46528883 for bucket 2
  (Using difference cover)
  Sorting block time: 00:00:58
Returning block of 46528884 for bucket 2
Getting block 3 of 7
  Reserving size (49276373) for bucket 3
  Calculating Z arrays for bucket 3
  Entering block accumulator loop for bucket 3:
  bucket 3: 10%
  bucket 3: 20%
  bucket 3: 30%
  bucket 3: 40%
  bucket 3: 50%
  bucket 3: 60%
  bucket 3: 70%
  bucket 3: 80%
  bucket 3: 90%
  bucket 3: 100%
  Sorting block of length 17001266 for bucket 3
  (Using difference cover)
  Sorting block time: 00:00:20
Returning block of 17001267 for bucket 3
Getting block 4 of 7
  Reserving size (49276373) for bucket 4
  Calculating Z arrays for bucket 4
  Entering block accumulator loop for bucket 4:
  bucket 4: 10%
  bucket 4: 20%
  bucket 4: 30%
  bucket 4: 40%
  bucket 4: 50%
  bucket 4: 60%
  bucket 4: 70%
  bucket 4: 80%
  bucket 4: 90%
  bucket 4: 100%
  Sorting block of length 42207724 for bucket 4
  (Using difference cover)
  Sorting block time: 00:00:42
Returning block of 42207725 for bucket 4
Getting block 5 of 7
  Reserving size (49276373) for bucket 5
  Calculating Z arrays for bucket 5
  Entering block accumulator loop for bucket 5:
  bucket 5: 10%
  bucket 5: 20%
  bucket 5: 30%
  bucket 5: 40%
  bucket 5: 50%
  bucket 5: 60%
  bucket 5: 70%
  bucket 5: 80%
  bucket 5: 90%
  bucket 5: 100%
  Sorting block of length 26240687 for bucket 5
  (Using difference cover)
  Sorting block time: 00:00:28
Returning block of 26240688 for bucket 5
Getting block 6 of 7
  Reserving size (49276373) for bucket 6
  Calculating Z arrays for bucket 6
  Entering block accumulator loop for bucket 6:
  bucket 6: 10%
  bucket 6: 20%
  bucket 6: 30%
  bucket 6: 40%
  bucket 6: 50%
  bucket 6: 60%
  bucket 6: 70%
  bucket 6: 80%
  bucket 6: 90%
  bucket 6: 100%
  Sorting block of length 33374222 for bucket 6
  (Using difference cover)
  Sorting block time: 00:00:32
Returning block of 33374223 for bucket 6
Getting block 7 of 7
  Reserving size (49276373) for bucket 7
  Calculating Z arrays for bucket 7
  Entering block accumulator loop for bucket 7:
  bucket 7: 10%
  bucket 7: 20%
  bucket 7: 30%
  bucket 7: 40%
  bucket 7: 50%
  bucket 7: 60%
  bucket 7: 70%
  bucket 7: 80%
  bucket 7: 90%
  bucket 7: 100%
  Sorting block of length 48405206 for bucket 7
  (Using difference cover)
  Sorting block time: 00:00:47
Returning block of 48405207 for bucket 7
Exited Ebwt loop
fchr[A]: 0
fchr[C]: 75708574
fchr[G]: 130856980
fchr[T]: 188416890
fchr[$]: 262807321
Exiting Ebwt::buildToDisk()
Returning from initFromVector
Wrote 185667837 bytes to primary EBWT file: erg/popcov50.1.ebwt
Wrote 32850920 bytes to secondary EBWT file: erg/popcov50.2.ebwt
Re-opening _in1 and _in2 as input streams
Returning from Ebwt constructor
Headers:
    len: 262807321
    bwtLen: 262807322
    sz: 65701831
    bwtSz: 65701831
    lineRate: 6
    linesPerSide: 1
    offRate: 5
    offMask: 0xffffffe0
    isaRate: -1
    isaMask: 0xffffffff
    ftabChars: 10
    eftabLen: 20
    eftabSz: 80
    ftabLen: 1048577
    ftabSz: 4194308
    offsLen: 8212729
    offsSz: 32850916
    isaLen: 0
    isaSz: 0
    lineSz: 64
    sideSz: 64
    sideBwtSz: 56
    sideBwtLen: 224
    numSidePairs: 586624
    numSides: 1173248
    numLines: 1173248
    ebwtTotLen: 75087872
    ebwtTotSz: 75087872
    reverse: 0
Total time for call to driver() for forward index: 00:09:52
Reading reference sizes
  Time reading reference sizes: 00:00:05
Calculating joined length
Writing header
Reserving space for joined string
Joining reference sequences
  Time to join reference sequences: 00:00:07
bmax according to bmaxDivN setting: 65701830
Using parameters --bmax 49276373 --dcv 1024
  Doing ahead-of-time memory usage test
  Passed!  Constructing with these parameters: --bmax 49276373 --dcv 1024
Constructing suffix-array element generator
Building DifferenceCoverSample
  Building sPrime
  Building sPrimeOrder
  V-Sorting samples
  V-Sorting samples time: 00:00:17
  Allocating rank array
  Ranking v-sort output
  Ranking v-sort output time: 00:00:05
  Invoking Larsson-Sadakane on ranks
  Invoking Larsson-Sadakane on ranks time: 00:00:06
  Sanity-checking and returning
Building samples
Reserving space for 12 sample suffixes
Generating random suffixes
QSorting 12 sample offsets, eliminating duplicates
QSorting sample offsets, eliminating duplicates time: 00:00:00
Multikey QSorting 12 samples
  (Using difference cover)
  Multikey QSorting samples time: 00:00:00
Calculating bucket sizes
Splitting and merging
  Splitting and merging time: 00:00:00
Split 1, merged 8; iterating...
Splitting and merging
  Splitting and merging time: 00:00:00
Split 1, merged 0; iterating...
Splitting and merging
  Splitting and merging time: 00:00:00
Split 1, merged 1; iterating...
Splitting and merging
  Splitting and merging time: 00:00:00
Avg bucket size: 3.75439e+07 (target: 49276372)
Converting suffix-array elements to index image
Allocating ftab, absorbFtab
Entering Ebwt loop
Getting block 1 of 7
  Reserving size (49276373) for bucket 1
  Calculating Z arrays for bucket 1
  Entering block accumulator loop for bucket 1:
  bucket 1: 10%
  bucket 1: 20%
  bucket 1: 30%
  bucket 1: 40%
  bucket 1: 50%
  bucket 1: 60%
  bucket 1: 70%
  bucket 1: 80%
  bucket 1: 90%
  bucket 1: 100%
  Sorting block of length 41511196 for bucket 1
  (Using difference cover)
  Sorting block time: 00:00:55
Returning block of 41511197 for bucket 1
Getting block 2 of 7
  Reserving size (49276373) for bucket 2
  Calculating Z arrays for bucket 2
  Entering block accumulator loop for bucket 2:
  bucket 2: 10%
  bucket 2: 20%
  bucket 2: 30%
  bucket 2: 40%
  bucket 2: 50%
  bucket 2: 60%
  bucket 2: 70%
  bucket 2: 80%
  bucket 2: 90%
  bucket 2: 100%
  Sorting block of length 42955650 for bucket 2
  (Using difference cover)
  Sorting block time: 00:00:57
Returning block of 42955651 for bucket 2
Getting block 3 of 7
  Reserving size (49276373) for bucket 3
  Calculating Z arrays for bucket 3
  Entering block accumulator loop for bucket 3:
  bucket 3: 10%
  bucket 3: 20%
  bucket 3: 30%
  bucket 3: 40%
  bucket 3: 50%
  bucket 3: 60%
  bucket 3: 70%
  bucket 3: 80%
  bucket 3: 90%
  bucket 3: 100%
  Sorting block of length 36296208 for bucket 3
  (Using difference cover)
  Sorting block time: 00:00:48
Returning block of 36296209 for bucket 3
Getting block 4 of 7
  Reserving size (49276373) for bucket 4
  Calculating Z arrays for bucket 4
  Entering block accumulator loop for bucket 4:
  bucket 4: 10%
  bucket 4: 20%
  bucket 4: 30%
  bucket 4: 40%
  bucket 4: 50%
  bucket 4: 60%
  bucket 4: 70%
  bucket 4: 80%
  bucket 4: 90%
  bucket 4: 100%
  Sorting block of length 24605032 for bucket 4
  (Using difference cover)
  Sorting block time: 00:00:32
Returning block of 24605033 for bucket 4
Getting block 5 of 7
  Reserving size (49276373) for bucket 5
  Calculating Z arrays for bucket 5
  Entering block accumulator loop for bucket 5:
  bucket 5: 10%
  bucket 5: 20%
  bucket 5: 30%
  bucket 5: 40%
  bucket 5: 50%
  bucket 5: 60%
  bucket 5: 70%
  bucket 5: 80%
  bucket 5: 90%
  bucket 5: 100%
  Sorting block of length 38416041 for bucket 5
  (Using difference cover)
  Sorting block time: 00:00:50
Returning block of 38416042 for bucket 5
Getting block 6 of 7
  Reserving size (49276373) for bucket 6
  Calculating Z arrays for bucket 6
  Entering block accumulator loop for bucket 6:
  bucket 6: 10%
  bucket 6: 20%
  bucket 6: 30%
  bucket 6: 40%
  bucket 6: 50%
  bucket 6: 60%
  bucket 6: 70%
  bucket 6: 80%
  bucket 6: 90%
  bucket 6: 100%
  Sorting block of length 41853035 for bucket 6
  (Using difference cover)
  Sorting block time: 00:00:55
Returning block of 41853036 for bucket 6
Getting block 7 of 7
  Reserving size (49276373) for bucket 7
  Calculating Z arrays for bucket 7
  Entering block accumulator loop for bucket 7:
  bucket 7: 10%
  bucket 7: 20%
  bucket 7: 30%
  bucket 7: 40%
  bucket 7: 50%
  bucket 7: 60%
  bucket 7: 70%
  bucket 7: 80%
  bucket 7: 90%
  bucket 7: 100%
  Sorting block of length 37170153 for bucket 7
  (Using difference cover)
  Sorting block time: 00:00:49
Returning block of 37170154 for bucket 7
Exited Ebwt loop
fchr[A]: 0
fchr[C]: 75708574
fchr[G]: 130856980
fchr[T]: 188416890
fchr[$]: 262807321
Exiting Ebwt::buildToDisk()
Returning from initFromVector
Wrote 185667837 bytes to primary EBWT file: erg/popcov50.rev.1.ebwt
Wrote 32850920 bytes to secondary EBWT file: erg/popcov50.rev.2.ebwt
Re-opening _in1 and _in2 as input streams
Returning from Ebwt constructor
Headers:
    len: 262807321
    bwtLen: 262807322
    sz: 65701831
    bwtSz: 65701831
    lineRate: 6
    linesPerSide: 1
    offRate: 5
    offMask: 0xffffffe0
    isaRate: -1
    isaMask: 0xffffffff
    ftabChars: 10
    eftabLen: 20
    eftabSz: 80
    ftabLen: 1048577
    ftabSz: 4194308
    offsLen: 8212729
    offsSz: 32850916
    isaLen: 0
    isaSz: 0
    lineSz: 64
    sideSz: 64
    sideBwtSz: 56
    sideBwtLen: 224
    numSidePairs: 586624
    numSides: 1173248
    numLines: 1173248
    ebwtTotLen: 75087872
    ebwtTotSz: 75087872
    reverse: 0
Total time for backward call to driver() for mirror index: 00:12:37
Maximum memory: 728.9 MB
