
The following have been reloaded with a version change:
  1) gcc/5.1.0 => gcc/5.2.0

amb
Found 2391181 / 2391181 variants
Writing ERG
2391181
25
Done
Finished generating fasta
Settings:
  Output files: "erg/amb70.*.ebwt"
  Line rate: 6 (line is 64 bytes)
  Lines per side: 1 (side is 64 bytes)
  Offset rate: 5 (one in 32)
  FTable chars: 10
  Strings: unpacked
  Max bucket size: default
  Max bucket size, sqrt multiplier: default
  Max bucket size, len divisor: 4
  Difference-cover sample period: 1024
  Endianness: little
  Actual local endianness: little
  Sanity checking: disabled
  Assertions: disabled
  Random seed: 0
  Sizeofs: void*:8, int:4, long:8, size_t:8
Input files DNA, FASTA:
  erg/chr9_amb70.fa
Reading reference sizes
  Time reading reference sizes: 00:00:04
Calculating joined length
Writing header
Reserving space for joined string
Joining reference sequences
  Time to join reference sequences: 00:00:04
bmax according to bmaxDivN setting: 83911716
Using parameters --bmax 62933787 --dcv 1024
  Doing ahead-of-time memory usage test
  Passed!  Constructing with these parameters: --bmax 62933787 --dcv 1024
Constructing suffix-array element generator
Building DifferenceCoverSample
  Building sPrime
  Building sPrimeOrder
  V-Sorting samples
  V-Sorting samples time: 00:00:08
  Allocating rank array
  Ranking v-sort output
  Ranking v-sort output time: 00:00:03
  Invoking Larsson-Sadakane on ranks
  Invoking Larsson-Sadakane on ranks time: 00:00:03
  Sanity-checking and returning
Building samples
Reserving space for 12 sample suffixes
Generating random suffixes
QSorting 12 sample offsets, eliminating duplicates
QSorting sample offsets, eliminating duplicates time: 00:00:00
Multikey QSorting 12 samples
  (Using difference cover)
  Multikey QSorting samples time: 00:00:00
Calculating bucket sizes
Splitting and merging
  Splitting and merging time: 00:00:00
Split 1, merged 7; iterating...
Splitting and merging
  Splitting and merging time: 00:00:00
Split 1, merged 0; iterating...
Splitting and merging
  Splitting and merging time: 00:00:00
Avg bucket size: 4.79496e+07 (target: 62933786)
Converting suffix-array elements to index image
Allocating ftab, absorbFtab
Entering Ebwt loop
Getting block 1 of 7
  Reserving size (62933787) for bucket 1
  Calculating Z arrays for bucket 1
  Entering block accumulator loop for bucket 1:
  bucket 1: 10%
  bucket 1: 20%
  bucket 1: 30%
  bucket 1: 40%
  bucket 1: 50%
  bucket 1: 60%
  bucket 1: 70%
  bucket 1: 80%
  bucket 1: 90%
  bucket 1: 100%
  Sorting block of length 53604043 for bucket 1
  (Using difference cover)
  Sorting block time: 00:00:24
Returning block of 53604044 for bucket 1
Getting block 2 of 7
  Reserving size (62933787) for bucket 2
  Calculating Z arrays for bucket 2
  Entering block accumulator loop for bucket 2:
  bucket 2: 10%
  bucket 2: 20%
  bucket 2: 30%
  bucket 2: 40%
  bucket 2: 50%
  bucket 2: 60%
  bucket 2: 70%
  bucket 2: 80%
  bucket 2: 90%
  bucket 2: 100%
  Sorting block of length 41618895 for bucket 2
  (Using difference cover)
  Sorting block time: 00:00:17
Returning block of 41618896 for bucket 2
Getting block 3 of 7
  Reserving size (62933787) for bucket 3
  Calculating Z arrays for bucket 3
  Entering block accumulator loop for bucket 3:
  bucket 3: 10%
  bucket 3: 20%
  bucket 3: 30%
  bucket 3: 40%
  bucket 3: 50%
  bucket 3: 60%
  bucket 3: 70%
  bucket 3: 80%
  bucket 3: 90%
  bucket 3: 100%
  Sorting block of length 47679227 for bucket 3
  (Using difference cover)
  Sorting block time: 00:00:21
Returning block of 47679228 for bucket 3
Getting block 4 of 7
  Reserving size (62933787) for bucket 4
  Calculating Z arrays for bucket 4
  Entering block accumulator loop for bucket 4:
  bucket 4: 10%
  bucket 4: 20%
  bucket 4: 30%
  bucket 4: 40%
  bucket 4: 50%
  bucket 4: 60%
  bucket 4: 70%
  bucket 4: 80%
  bucket 4: 90%
  bucket 4: 100%
  Sorting block of length 48855716 for bucket 4
  (Using difference cover)
  Sorting block time: 00:00:20
Returning block of 48855717 for bucket 4
Getting block 5 of 7
  Reserving size (62933787) for bucket 5
  Calculating Z arrays for bucket 5
  Entering block accumulator loop for bucket 5:
  bucket 5: 10%
  bucket 5: 20%
  bucket 5: 30%
  bucket 5: 40%
  bucket 5: 50%
  bucket 5: 60%
  bucket 5: 70%
  bucket 5: 80%
  bucket 5: 90%
  bucket 5: 100%
  Sorting block of length 48188300 for bucket 5
  (Using difference cover)
  Sorting block time: 00:00:20
Returning block of 48188301 for bucket 5
Getting block 6 of 7
  Reserving size (62933787) for bucket 6
  Calculating Z arrays for bucket 6
  Entering block accumulator loop for bucket 6:
  bucket 6: 10%
  bucket 6: 20%
  bucket 6: 30%
  bucket 6: 40%
  bucket 6: 50%
  bucket 6: 60%
  bucket 6: 70%
  bucket 6: 80%
  bucket 6: 90%
  bucket 6: 100%
  Sorting block of length 61931533 for bucket 6
  (Using difference cover)
  Sorting block time: 00:00:25
Returning block of 61931534 for bucket 6
Getting block 7 of 7
  Reserving size (62933787) for bucket 7
  Calculating Z arrays for bucket 7
  Entering block accumulator loop for bucket 7:
  bucket 7: 10%
  bucket 7: 20%
  bucket 7: 30%
  bucket 7: 40%
  bucket 7: 50%
  bucket 7: 60%
  bucket 7: 70%
  bucket 7: 80%
  bucket 7: 90%
  bucket 7: 100%
  Sorting block of length 33769145 for bucket 7
  (Using difference cover)
  Sorting block time: 00:00:12
Returning block of 33769146 for bucket 7
Exited Ebwt loop
fchr[A]: 0
fchr[C]: 97717644
fchr[G]: 167855349
fchr[T]: 237982918
fchr[$]: 335646865
Exiting Ebwt::buildToDisk()
Returning from initFromVector
Wrote 255141817 bytes to primary EBWT file: erg/amb70.1.ebwt
Wrote 41955864 bytes to secondary EBWT file: erg/amb70.2.ebwt
Re-opening _in1 and _in2 as input streams
Returning from Ebwt constructor
Headers:
    len: 335646865
    bwtLen: 335646866
    sz: 83911717
    bwtSz: 83911717
    lineRate: 6
    linesPerSide: 1
    offRate: 5
    offMask: 0xffffffe0
    isaRate: -1
    isaMask: 0xffffffff
    ftabChars: 10
    eftabLen: 20
    eftabSz: 80
    ftabLen: 1048577
    ftabSz: 4194308
    offsLen: 10488965
    offsSz: 41955860
    isaLen: 0
    isaSz: 0
    lineSz: 64
    sideSz: 64
    sideBwtSz: 56
    sideBwtLen: 224
    numSidePairs: 749212
    numSides: 1498424
    numLines: 1498424
    ebwtTotLen: 95899136
    ebwtTotSz: 95899136
    reverse: 0
Total time for call to driver() for forward index: 00:05:59
Reading reference sizes
  Time reading reference sizes: 00:00:02
Calculating joined length
Writing header
Reserving space for joined string
Joining reference sequences
  Time to join reference sequences: 00:00:04
bmax according to bmaxDivN setting: 83911716
Using parameters --bmax 62933787 --dcv 1024
  Doing ahead-of-time memory usage test
  Passed!  Constructing with these parameters: --bmax 62933787 --dcv 1024
Constructing suffix-array element generator
Building DifferenceCoverSample
  Building sPrime
  Building sPrimeOrder
  V-Sorting samples
  V-Sorting samples time: 00:00:09
  Allocating rank array
  Ranking v-sort output
  Ranking v-sort output time: 00:00:02
  Invoking Larsson-Sadakane on ranks
  Invoking Larsson-Sadakane on ranks time: 00:00:04
  Sanity-checking and returning
Building samples
Reserving space for 12 sample suffixes
Generating random suffixes
QSorting 12 sample offsets, eliminating duplicates
QSorting sample offsets, eliminating duplicates time: 00:00:00
Multikey QSorting 12 samples
  (Using difference cover)
  Multikey QSorting samples time: 00:00:00
Calculating bucket sizes
Splitting and merging
  Splitting and merging time: 00:00:00
Avg bucket size: 4.19559e+07 (target: 62933786)
Converting suffix-array elements to index image
Allocating ftab, absorbFtab
Entering Ebwt loop
Getting block 1 of 8
  Reserving size (62933787) for bucket 1
  Calculating Z arrays for bucket 1
  Entering block accumulator loop for bucket 1:
  bucket 1: 10%
  bucket 1: 20%
  bucket 1: 30%
  bucket 1: 40%
  bucket 1: 50%
  bucket 1: 60%
  bucket 1: 70%
  bucket 1: 80%
  bucket 1: 90%
  bucket 1: 100%
  Sorting block of length 38373480 for bucket 1
  (Using difference cover)
  Sorting block time: 00:00:18
Returning block of 38373481 for bucket 1
Getting block 2 of 8
  Reserving size (62933787) for bucket 2
  Calculating Z arrays for bucket 2
  Entering block accumulator loop for bucket 2:
  bucket 2: 10%
  bucket 2: 20%
  bucket 2: 30%
  bucket 2: 40%
  bucket 2: 50%
  bucket 2: 60%
  bucket 2: 70%
  bucket 2: 80%
  bucket 2: 90%
  bucket 2: 100%
  Sorting block of length 33532760 for bucket 2
  (Using difference cover)
  Sorting block time: 00:00:16
Returning block of 33532761 for bucket 2
Getting block 3 of 8
  Reserving size (62933787) for bucket 3
  Calculating Z arrays for bucket 3
  Entering block accumulator loop for bucket 3:
  bucket 3: 10%
  bucket 3: 20%
  bucket 3: 30%
  bucket 3: 40%
  bucket 3: 50%
  bucket 3: 60%
  bucket 3: 70%
  bucket 3: 80%
  bucket 3: 90%
  bucket 3: 100%
  Sorting block of length 36700329 for bucket 3
  (Using difference cover)
  Sorting block time: 00:00:17
Returning block of 36700330 for bucket 3
Getting block 4 of 8
  Reserving size (62933787) for bucket 4
  Calculating Z arrays for bucket 4
  Entering block accumulator loop for bucket 4:
  bucket 4: 10%
  bucket 4: 20%
  bucket 4: 30%
  bucket 4: 40%
  bucket 4: 50%
  bucket 4: 60%
  bucket 4: 70%
  bucket 4: 80%
  bucket 4: 90%
  bucket 4: 100%
  Sorting block of length 36305760 for bucket 4
  (Using difference cover)
  Sorting block time: 00:00:16
Returning block of 36305761 for bucket 4
Getting block 5 of 8
  Reserving size (62933787) for bucket 5
  Calculating Z arrays for bucket 5
  Entering block accumulator loop for bucket 5:
  bucket 5: 10%
  bucket 5: 20%
  bucket 5: 30%
  bucket 5: 40%
  bucket 5: 50%
  bucket 5: 60%
  bucket 5: 70%
  bucket 5: 80%
  bucket 5: 90%
  bucket 5: 100%
  Sorting block of length 51425518 for bucket 5
  (Using difference cover)
  Sorting block time: 00:00:24
Returning block of 51425519 for bucket 5
Getting block 6 of 8
  Reserving size (62933787) for bucket 6
  Calculating Z arrays for bucket 6
  Entering block accumulator loop for bucket 6:
  bucket 6: 10%
  bucket 6: 20%
  bucket 6: 30%
  bucket 6: 40%
  bucket 6: 50%
  bucket 6: 60%
  bucket 6: 70%
  bucket 6: 80%
  bucket 6: 90%
  bucket 6: 100%
  Sorting block of length 47976224 for bucket 6
  (Using difference cover)
  Sorting block time: 00:00:22
Returning block of 47976225 for bucket 6
Getting block 7 of 8
  Reserving size (62933787) for bucket 7
  Calculating Z arrays for bucket 7
  Entering block accumulator loop for bucket 7:
  bucket 7: 10%
  bucket 7: 20%
  bucket 7: 30%
  bucket 7: 40%
  bucket 7: 50%
  bucket 7: 60%
  bucket 7: 70%
  bucket 7: 80%
  bucket 7: 90%
  bucket 7: 100%
  Sorting block of length 53474691 for bucket 7
  (Using difference cover)
  Sorting block time: 00:00:24
Returning block of 53474692 for bucket 7
Getting block 8 of 8
  Reserving size (62933787) for bucket 8
  Calculating Z arrays for bucket 8
  Entering block accumulator loop for bucket 8:
  bucket 8: 10%
  bucket 8: 20%
  bucket 8: 30%
  bucket 8: 40%
  bucket 8: 50%
  bucket 8: 60%
  bucket 8: 70%
  bucket 8: 80%
  bucket 8: 90%
  bucket 8: 100%
  Sorting block of length 37858096 for bucket 8
  (Using difference cover)
  Sorting block time: 00:00:17
Returning block of 37858097 for bucket 8
Exited Ebwt loop
fchr[A]: 0
fchr[C]: 97717644
fchr[G]: 167855349
fchr[T]: 237982918
fchr[$]: 335646865
Exiting Ebwt::buildToDisk()
Returning from initFromVector
Wrote 255141817 bytes to primary EBWT file: erg/amb70.rev.1.ebwt
Wrote 41955864 bytes to secondary EBWT file: erg/amb70.rev.2.ebwt
Re-opening _in1 and _in2 as input streams
Returning from Ebwt constructor
Headers:
    len: 335646865
    bwtLen: 335646866
    sz: 83911717
    bwtSz: 83911717
    lineRate: 6
    linesPerSide: 1
    offRate: 5
    offMask: 0xffffffe0
    isaRate: -1
    isaMask: 0xffffffff
    ftabChars: 10
    eftabLen: 20
    eftabSz: 80
    ftabLen: 1048577
    ftabSz: 4194308
    offsLen: 10488965
    offsSz: 41955860
    isaLen: 0
    isaSz: 0
    lineSz: 64
    sideSz: 64
    sideBwtSz: 56
    sideBwtLen: 224
    numSidePairs: 749212
    numSides: 1498424
    numLines: 1498424
    ebwtTotLen: 95899136
    ebwtTotSz: 95899136
    reverse: 0
Total time for backward call to driver() for mirror index: 00:06:00
Maximum memory: 936.7 MB
