
The following have been reloaded with a version change:
  1) gcc/5.1.0 => gcc/5.2.0

/cm/local/apps/slurm/var/spool/job19036126/slurm_script: line 18: 31140 Killed                  $VIS_HOME/build.py --reference hs37d5.fa --vars snps.1ksnp --window-size 25 --erg erg/chr9_segments_${MODE}${PCT}.fa --sorted ordered_${MODE}25.txt --pct $PCT
Finished generating fasta
Settings:
  Output files: "erg/popcov40.*.ebwt"
  Line rate: 6 (line is 64 bytes)
  Lines per side: 1 (side is 64 bytes)
  Offset rate: 5 (one in 32)
  FTable chars: 10
  Strings: unpacked
  Max bucket size: default
  Max bucket size, sqrt multiplier: default
  Max bucket size, len divisor: 4
  Difference-cover sample period: 1024
  Endianness: little
  Actual local endianness: little
  Sanity checking: disabled
  Assertions: disabled
  Random seed: 0
  Sizeofs: void*:8, int:4, long:8, size_t:8
Input files DNA, FASTA:
  erg/chr9_popcov40.fa
Reading reference sizes
Warning: Encountered empty reference sequence
  Time reading reference sizes: 00:00:02
Calculating joined length
Writing header
Reserving space for joined string
Joining reference sequences
  Time to join reference sequences: 00:00:01
bmax according to bmaxDivN setting: 36155398
Using parameters --bmax 27116549 --dcv 1024
  Doing ahead-of-time memory usage test
  Passed!  Constructing with these parameters: --bmax 27116549 --dcv 1024
Constructing suffix-array element generator
Building DifferenceCoverSample
  Building sPrime
  Building sPrimeOrder
  V-Sorting samples
  V-Sorting samples time: 00:00:04
  Allocating rank array
  Ranking v-sort output
  Ranking v-sort output time: 00:00:01
  Invoking Larsson-Sadakane on ranks
  Invoking Larsson-Sadakane on ranks time: 00:00:01
  Sanity-checking and returning
Building samples
Reserving space for 12 sample suffixes
Generating random suffixes
QSorting 12 sample offsets, eliminating duplicates
QSorting sample offsets, eliminating duplicates time: 00:00:00
Multikey QSorting 12 samples
  (Using difference cover)
  Multikey QSorting samples time: 00:00:00
Calculating bucket sizes
Splitting and merging
  Splitting and merging time: 00:00:00
Split 1, merged 7; iterating...
Splitting and merging
  Splitting and merging time: 00:00:00
Split 1, merged 1; iterating...
Splitting and merging
  Splitting and merging time: 00:00:00
Split 1, merged 0; iterating...
Splitting and merging
  Splitting and merging time: 00:00:00
Avg bucket size: 2.06602e+07 (target: 27116548)
Converting suffix-array elements to index image
Allocating ftab, absorbFtab
Entering Ebwt loop
Getting block 1 of 7
  Reserving size (27116549) for bucket 1
  Calculating Z arrays for bucket 1
  Entering block accumulator loop for bucket 1:
  bucket 1: 10%
  bucket 1: 20%
  bucket 1: 30%
  bucket 1: 40%
  bucket 1: 50%
  bucket 1: 60%
  bucket 1: 70%
  bucket 1: 80%
  bucket 1: 90%
  bucket 1: 100%
  Sorting block of length 23984460 for bucket 1
  (Using difference cover)
  Sorting block time: 00:00:10
Returning block of 23984461 for bucket 1
Getting block 2 of 7
  Reserving size (27116549) for bucket 2
  Calculating Z arrays for bucket 2
  Entering block accumulator loop for bucket 2:
  bucket 2: 10%
  bucket 2: 20%
  bucket 2: 30%
  bucket 2: 40%
  bucket 2: 50%
  bucket 2: 60%
  bucket 2: 70%
  bucket 2: 80%
  bucket 2: 90%
  bucket 2: 100%
  Sorting block of length 24999512 for bucket 2
  (Using difference cover)
  Sorting block time: 00:00:10
Returning block of 24999513 for bucket 2
Getting block 3 of 7
  Reserving size (27116549) for bucket 3
  Calculating Z arrays for bucket 3
  Entering block accumulator loop for bucket 3:
  bucket 3: 10%
  bucket 3: 20%
  bucket 3: 30%
  bucket 3: 40%
  bucket 3: 50%
  bucket 3: 60%
  bucket 3: 70%
  bucket 3: 80%
  bucket 3: 90%
  bucket 3: 100%
  Sorting block of length 23248702 for bucket 3
  (Using difference cover)
  Sorting block time: 00:00:09
Returning block of 23248703 for bucket 3
Getting block 4 of 7
  Reserving size (27116549) for bucket 4
  Calculating Z arrays for bucket 4
  Entering block accumulator loop for bucket 4:
  bucket 4: 10%
  bucket 4: 20%
  bucket 4: 30%
  bucket 4: 40%
  bucket 4: 50%
  bucket 4: 60%
  bucket 4: 70%
  bucket 4: 80%
  bucket 4: 90%
  bucket 4: 100%
  Sorting block of length 6204812 for bucket 4
  (Using difference cover)
  Sorting block time: 00:00:02
Returning block of 6204813 for bucket 4
Getting block 5 of 7
  Reserving size (27116549) for bucket 5
  Calculating Z arrays for bucket 5
  Entering block accumulator loop for bucket 5:
  bucket 5: 10%
  bucket 5: 20%
  bucket 5: 30%
  bucket 5: 40%
  bucket 5: 50%
  bucket 5: 60%
  bucket 5: 70%
  bucket 5: 80%
  bucket 5: 90%
  bucket 5: 100%
  Sorting block of length 25499400 for bucket 5
  (Using difference cover)
  Sorting block time: 00:00:10
Returning block of 25499401 for bucket 5
Getting block 6 of 7
  Reserving size (27116549) for bucket 6
  Calculating Z arrays for bucket 6
  Entering block accumulator loop for bucket 6:
  bucket 6: 10%
  bucket 6: 20%
  bucket 6: 30%
  bucket 6: 40%
  bucket 6: 50%
  bucket 6: 60%
  bucket 6: 70%
  bucket 6: 80%
  bucket 6: 90%
  bucket 6: 100%
  Sorting block of length 22297667 for bucket 6
  (Using difference cover)
  Sorting block time: 00:00:09
Returning block of 22297668 for bucket 6
Getting block 7 of 7
  Reserving size (27116549) for bucket 7
  Calculating Z arrays for bucket 7
  Entering block accumulator loop for bucket 7:
  bucket 7: 10%
  bucket 7: 20%
  bucket 7: 30%
  bucket 7: 40%
  bucket 7: 50%
  bucket 7: 60%
  bucket 7: 70%
  bucket 7: 80%
  bucket 7: 90%
  bucket 7: 100%
  Sorting block of length 18387036 for bucket 7
  (Using difference cover)
  Sorting block time: 00:00:07
Returning block of 18387037 for bucket 7
Exited Ebwt loop
fchr[A]: 0
fchr[C]: 42399343
fchr[G]: 72232677
fchr[T]: 102228591
fchr[$]: 144621595
Exiting Ebwt::buildToDisk()
Returning from initFromVector
Wrote 62749115 bytes to primary EBWT file: erg/popcov40.1.ebwt
Wrote 18077704 bytes to secondary EBWT file: erg/popcov40.2.ebwt
Re-opening _in1 and _in2 as input streams
Returning from Ebwt constructor
Headers:
    len: 144621595
    bwtLen: 144621596
    sz: 36155399
    bwtSz: 36155399
    lineRate: 6
    linesPerSide: 1
    offRate: 5
    offMask: 0xffffffe0
    isaRate: -1
    isaMask: 0xffffffff
    ftabChars: 10
    eftabLen: 20
    eftabSz: 80
    ftabLen: 1048577
    ftabSz: 4194308
    offsLen: 4519425
    offsSz: 18077700
    isaLen: 0
    isaSz: 0
    lineSz: 64
    sideSz: 64
    sideBwtSz: 56
    sideBwtLen: 224
    numSidePairs: 322817
    numSides: 645634
    numLines: 645634
    ebwtTotLen: 41320576
    ebwtTotSz: 41320576
    reverse: 0
Total time for call to driver() for forward index: 00:02:09
Reading reference sizes
Warning: Encountered empty reference sequence
  Time reading reference sizes: 00:00:01
Calculating joined length
Writing header
Reserving space for joined string
Joining reference sequences
  Time to join reference sequences: 00:00:02
bmax according to bmaxDivN setting: 36155398
Using parameters --bmax 27116549 --dcv 1024
  Doing ahead-of-time memory usage test
  Passed!  Constructing with these parameters: --bmax 27116549 --dcv 1024
Constructing suffix-array element generator
Building DifferenceCoverSample
  Building sPrime
  Building sPrimeOrder
  V-Sorting samples
  V-Sorting samples time: 00:00:03
  Allocating rank array
  Ranking v-sort output
  Ranking v-sort output time: 00:00:01
  Invoking Larsson-Sadakane on ranks
  Invoking Larsson-Sadakane on ranks time: 00:00:02
  Sanity-checking and returning
Building samples
Reserving space for 12 sample suffixes
Generating random suffixes
QSorting 12 sample offsets, eliminating duplicates
QSorting sample offsets, eliminating duplicates time: 00:00:00
Multikey QSorting 12 samples
  (Using difference cover)
  Multikey QSorting samples time: 00:00:00
Calculating bucket sizes
Splitting and merging
  Splitting and merging time: 00:00:00
Avg bucket size: 2.06602e+07 (target: 27116548)
Converting suffix-array elements to index image
Allocating ftab, absorbFtab
Entering Ebwt loop
Getting block 1 of 7
  Reserving size (27116549) for bucket 1
  Calculating Z arrays for bucket 1
  Entering block accumulator loop for bucket 1:
  bucket 1: 10%
  bucket 1: 20%
  bucket 1: 30%
  bucket 1: 40%
  bucket 1: 50%
  bucket 1: 60%
  bucket 1: 70%
  bucket 1: 80%
  bucket 1: 90%
  bucket 1: 100%
  Sorting block of length 15928982 for bucket 1
  (Using difference cover)
  Sorting block time: 00:00:07
Returning block of 15928983 for bucket 1
Getting block 2 of 7
  Reserving size (27116549) for bucket 2
  Calculating Z arrays for bucket 2
  Entering block accumulator loop for bucket 2:
  bucket 2: 10%
  bucket 2: 20%
  bucket 2: 30%
  bucket 2: 40%
  bucket 2: 50%
  bucket 2: 60%
  bucket 2: 70%
  bucket 2: 80%
  bucket 2: 90%
  bucket 2: 100%
  Sorting block of length 20347147 for bucket 2
  (Using difference cover)
  Sorting block time: 00:00:08
Returning block of 20347148 for bucket 2
Getting block 3 of 7
  Reserving size (27116549) for bucket 3
  Calculating Z arrays for bucket 3
  Entering block accumulator loop for bucket 3:
  bucket 3: 10%
  bucket 3: 20%
  bucket 3: 30%
  bucket 3: 40%
  bucket 3: 50%
  bucket 3: 60%
  bucket 3: 70%
  bucket 3: 80%
  bucket 3: 90%
  bucket 3: 100%
  Sorting block of length 25761441 for bucket 3
  (Using difference cover)
  Sorting block time: 00:00:10
Returning block of 25761442 for bucket 3
Getting block 4 of 7
  Reserving size (27116549) for bucket 4
  Calculating Z arrays for bucket 4
  Entering block accumulator loop for bucket 4:
  bucket 4: 10%
  bucket 4: 20%
  bucket 4: 30%
  bucket 4: 40%
  bucket 4: 50%
  bucket 4: 60%
  bucket 4: 70%
  bucket 4: 80%
  bucket 4: 90%
  bucket 4: 100%
  Sorting block of length 26857970 for bucket 4
  (Using difference cover)
  Sorting block time: 00:00:11
Returning block of 26857971 for bucket 4
Getting block 5 of 7
  Reserving size (27116549) for bucket 5
  Calculating Z arrays for bucket 5
  Entering block accumulator loop for bucket 5:
  bucket 5: 10%
  bucket 5: 20%
  bucket 5: 30%
  bucket 5: 40%
  bucket 5: 50%
  bucket 5: 60%
  bucket 5: 70%
  bucket 5: 80%
  bucket 5: 90%
  bucket 5: 100%
  Sorting block of length 22807173 for bucket 5
  (Using difference cover)
  Sorting block time: 00:00:09
Returning block of 22807174 for bucket 5
Getting block 6 of 7
  Reserving size (27116549) for bucket 6
  Calculating Z arrays for bucket 6
  Entering block accumulator loop for bucket 6:
  bucket 6: 10%
  bucket 6: 20%
  bucket 6: 30%
  bucket 6: 40%
  bucket 6: 50%
  bucket 6: 60%
  bucket 6: 70%
  bucket 6: 80%
  bucket 6: 90%
  bucket 6: 100%
  Sorting block of length 20671962 for bucket 6
  (Using difference cover)
  Sorting block time: 00:00:09
Returning block of 20671963 for bucket 6
Getting block 7 of 7
  Reserving size (27116549) for bucket 7
  Calculating Z arrays for bucket 7
  Entering block accumulator loop for bucket 7:
  bucket 7: 10%
  bucket 7: 20%
  bucket 7: 30%
  bucket 7: 40%
  bucket 7: 50%
  bucket 7: 60%
  bucket 7: 70%
  bucket 7: 80%
  bucket 7: 90%
  bucket 7: 100%
  Sorting block of length 12246914 for bucket 7
  (Using difference cover)
  Sorting block time: 00:00:05
Returning block of 12246915 for bucket 7
Exited Ebwt loop
fchr[A]: 0
fchr[C]: 42399343
fchr[G]: 72232677
fchr[T]: 102228591
fchr[$]: 144621595
Exiting Ebwt::buildToDisk()
Returning from initFromVector
Wrote 62749115 bytes to primary EBWT file: erg/popcov40.rev.1.ebwt
Wrote 18077704 bytes to secondary EBWT file: erg/popcov40.rev.2.ebwt
Re-opening _in1 and _in2 as input streams
Returning from Ebwt constructor
Headers:
    len: 144621595
    bwtLen: 144621596
    sz: 36155399
    bwtSz: 36155399
    lineRate: 6
    linesPerSide: 1
    offRate: 5
    offMask: 0xffffffe0
    isaRate: -1
    isaMask: 0xffffffff
    ftabChars: 10
    eftabLen: 20
    eftabSz: 80
    ftabLen: 1048577
    ftabSz: 4194308
    offsLen: 4519425
    offsSz: 18077700
    isaLen: 0
    isaSz: 0
    lineSz: 64
    sideSz: 64
    sideBwtSz: 56
    sideBwtLen: 224
    numSidePairs: 322817
    numSides: 645634
    numLines: 645634
    ebwtTotLen: 41320576
    ebwtTotSz: 41320576
    reverse: 0
Total time for backward call to driver() for mirror index: 00:01:54
Maximum memory: 373.2 MB
