amb
Counting kmers in ref
Counting added kmers
Finished counting kmers

Computing ambiguities
Processing 0 / 3415974 variants
Processing 100000 / 3415974 variants
Processing 200000 / 3415974 variants
Processing 300000 / 3415974 variants
Processing 400000 / 3415974 variants
Processing 500000 / 3415974 variants
Processing 600000 / 3415974 variants
Processing 700000 / 3415974 variants
Processing 800000 / 3415974 variants
Processing 900000 / 3415974 variants
Processing 1000000 / 3415974 variants
Processing 1100000 / 3415974 variants
Processing 1200000 / 3415974 variants
Processing 1300000 / 3415974 variants
Processing 1400000 / 3415974 variants
Processing 1500000 / 3415974 variants
Processing 1600000 / 3415974 variants
Processing 1700000 / 3415974 variants
Processing 1800000 / 3415974 variants
Processing 1900000 / 3415974 variants
Processing 2000000 / 3415974 variants
Processing 2100000 / 3415974 variants
Processing 2200000 / 3415974 variants
Processing 2300000 / 3415974 variants
Processing 2400000 / 3415974 variants
Processing 2500000 / 3415974 variants
Processing 2600000 / 3415974 variants
Processing 2700000 / 3415974 variants
Processing 2800000 / 3415974 variants
Processing 2900000 / 3415974 variants
Processing 3000000 / 3415974 variants
Processing 3100000 / 3415974 variants
Processing 3200000 / 3415974 variants
Processing 3300000 / 3415974 variants
Processing 3400000 / 3415974 variants
