/cm/local/apps/slurm/var/spool/job19100457/slurm_script: line 20: cd: ceu: No such file or directory
Found 545317 SNPs
0-indexed: 133944 / 545317
1-indexed: 550158 / 545317
popcov
popcov-blowup
Ranking ambiguity, r=35
amb
Counting kmers in ref
Counting added kmers
Finished counting kmers

Processing chrom 9
Avg probability of reads in ref:  0.975265
Avg probability of added reads:   0.149061
Computing ambiguities
Ranking ambiguity, r=100
amb
Counting kmers in ref
Counting added kmers
Finished counting kmers

Processing chrom 9
Avg probability of reads in ref:  0.933307
Avg probability of added reads:   0.087417
Computing ambiguities
