hisat_auto
Auto

Warning: Could not open read file "indiv_genomes/NA12878/sim_l100_hapA.conf.tagged.fastq" for reading; skipping...
Error: No input read files were valid
(ERR): hisat2-align exited with value 1
Maximum memory: 5.5 MB
cat: aligned/NA12878/hisat_auto_hapA_l100.sam: No such file or directory
Traceback (most recent call last):
  File "/home-3/mpritt4@jhu.edu/work/jacob/vis/src/correctness/correctness.py", line 308, in <module>
    go(results_prefix, pct, desc)
  File "/home-3/mpritt4@jhu.edu/work/jacob/vis/src/correctness/correctness.py", line 223, in go
    aligned = 100 * float(ncorrect + nincorrect) / ntotal
ZeroDivisionError: float division by zero
hisat_auto
Auto

Warning: Could not open read file "indiv_genomes/NA12878/sim_l100_hapB.conf.tagged.fastq" for reading; skipping...
Error: No input read files were valid
(ERR): hisat2-align exited with value 1
Maximum memory: 5.5 MB
cat: aligned/NA12878/hisat_auto_hapB_l100.sam: No such file or directory
Traceback (most recent call last):
  File "/home-3/mpritt4@jhu.edu/work/jacob/vis/src/correctness/correctness.py", line 308, in <module>
    go(results_prefix, pct, desc)
  File "/home-3/mpritt4@jhu.edu/work/jacob/vis/src/correctness/correctness.py", line 223, in go
    aligned = 100 * float(ncorrect + nincorrect) / ntotal
ZeroDivisionError: float division by zero
